<?xml version="1.0" encoding="UTF-8"?>
<testng-results skipped="0" failed="1" ignored="0" total="4" passed="3">
  <reporter-output>
  </reporter-output>
  <suite name="Default suite" duration-ms="10733" started-at="2020-05-30T11:52:03Z" finished-at="2020-05-30T11:52:13Z">
    <groups>
      <group name="smoke">
        <method signature="FlipTest.hello()[pri:0, instance:Startin.FlipTest@2abf4075]" name="hello" class="Startin.FlipTest"/>
        <method signature="FlipTest.searchTe()[pri:0, instance:Startin.FlipTest@2abf4075]" name="searchTe" class="Startin.FlipTest"/>
      </group> <!-- smoke -->
    </groups>
    <test name="Default test" duration-ms="10733" started-at="2020-05-30T11:52:03Z" finished-at="2020-05-30T11:52:13Z">
      <class name="Startin.FlipTest">
        <test-method status="PASS" signature="hello()[pri:0, instance:Startin.FlipTest@2abf4075]" name="hello" duration-ms="11" started-at="2020-05-30T11:52:03Z" finished-at="2020-05-30T11:52:03Z">
          <reporter-output>
          </reporter-output>
        </test-method> <!-- hello -->
        <test-method status="FAIL" signature="passed(java.lang.String)[pri:0, instance:Startin.FlipTest@2abf4075]" name="passed" duration-ms="0" started-at="2020-05-30T11:52:03Z" finished-at="2020-05-30T11:52:03Z">
          <exception class="org.testng.TestNGException">
            <message>
              <![CDATA[
Parameter 'url' is required by @Test on method passed but has not been marked @Optional or defined
in C:\Users\SACHIN\AppData\Local\Temp\testng-eclipse--1902492120\testng-customsuite.xml]]>
            </message>
            <full-stacktrace>
              <![CDATA[org.testng.TestNGException: 
Parameter 'url' is required by @Test on method passed but has not been marked @Optional or defined
in C:\Users\SACHIN\AppData\Local\Temp\testng-eclipse--1902492120\testng-customsuite.xml
at org.testng.internal.Parameters.createParams(Parameters.java:290)
at org.testng.internal.Parameters.createParametersForMethod(Parameters.java:359)
at org.testng.internal.Parameters.createParameters(Parameters.java:620)
at org.testng.internal.Parameters.handleParameters(Parameters.java:769)
at org.testng.internal.ParameterHandler.handleParameters(ParameterHandler.java:49)
at org.testng.internal.ParameterHandler.createParameters(ParameterHandler.java:37)
at org.testng.internal.Invoker.invokeTestMethods(Invoker.java:924)
at org.testng.internal.TestMethodWorker.invokeTestMethods(TestMethodWorker.java:125)
at org.testng.internal.TestMethodWorker.run(TestMethodWorker.java:109)
at org.testng.TestRunner.privateRun(TestRunner.java:648)
at org.testng.TestRunner.run(TestRunner.java:505)
at org.testng.SuiteRunner.runTest(SuiteRunner.java:455)
at org.testng.SuiteRunner.runSequentially(SuiteRunner.java:450)
at org.testng.SuiteRunner.privateRun(SuiteRunner.java:415)
at org.testng.SuiteRunner.run(SuiteRunner.java:364)
at org.testng.SuiteRunnerWorker.runSuite(SuiteRunnerWorker.java:52)
at org.testng.SuiteRunnerWorker.run(SuiteRunnerWorker.java:84)
at org.testng.TestNG.runSuitesSequentially(TestNG.java:1208)
at org.testng.TestNG.runSuitesLocally(TestNG.java:1137)
at org.testng.TestNG.runSuites(TestNG.java:1049)
at org.testng.TestNG.run(TestNG.java:1017)
at org.testng.remote.AbstractRemoteTestNG.run(AbstractRemoteTestNG.java:115)
at org.testng.remote.RemoteTestNG.initAndRun(RemoteTestNG.java:251)
at org.testng.remote.RemoteTestNG.main(RemoteTestNG.java:77)
]]>
            </full-stacktrace>
          </exception> <!-- org.testng.TestNGException -->
          <reporter-output>
          </reporter-output>
        </test-method> <!-- passed -->
        <test-method status="PASS" signature="searchTe()[pri:0, instance:Startin.FlipTest@2abf4075]" name="searchTe" duration-ms="10543" started-at="2020-05-30T11:52:03Z" finished-at="2020-05-30T11:52:13Z">
          <reporter-output>
          </reporter-output>
        </test-method> <!-- searchTe -->
        <test-method status="PASS" signature="bye()[pri:0, instance:Startin.FlipTest@2abf4075]" name="bye" duration-ms="1" started-at="2020-05-30T11:52:13Z" depends-on-methods="Startin.FlipTest.hello" finished-at="2020-05-30T11:52:13Z">
          <reporter-output>
          </reporter-output>
        </test-method> <!-- bye -->
        <test-method status="PASS" signature="termi()[pri:0, instance:Startin.FlipTest@2abf4075]" name="termi" is-config="true" duration-ms="138" started-at="2020-05-30T11:52:13Z" finished-at="2020-05-30T11:52:13Z">
          <reporter-output>
          </reporter-output>
        </test-method> <!-- termi -->
      </class> <!-- Startin.FlipTest -->
    </test> <!-- Default test -->
  </suite> <!-- Default suite -->
</testng-results>
